Request: category=decks, shops=['skatewarehouse']
SHOP_CONFIGS keys: ['boards-lv', 'skatedeluxe', 'skatewarehouse', 'tactics']
Request: category=prebuilts, shops=['tactics', 'skatedeluxe', 'boards-lv']
SHOP_CONFIGS keys: ['boards-lv', 'skatedeluxe', 'skatewarehouse', 'tactics']
Request: category=prebuilts, shops=['skatedeluxe', 'tactics', 'boards-lv']
SHOP_CONFIGS keys: ['boards-lv', 'skatedeluxe', 'skatewarehouse', 'tactics']
Request: category=decks, shops=['skatewarehouse']
SHOP_CONFIGS keys: ['boards-lv', 'skatedeluxe', 'tactics']
Validation failed for shops: ['skatewarehouse']
  'skatewarehouse': is_string=True, in_config=False
Request: category=decks, shops=['skatedeluxe']
SHOP_CONFIGS keys: ['boards-lv', 'skatedeluxe', 'tactics']
Request: category=decks, shops=['skatedeluxe']
SHOP_CONFIGS keys: ['boards-lv', 'skatedeluxe', 'tactics']
Request: category=decks, shops=['skatedeluxe']
SHOP_CONFIGS keys: ['boards-lv', 'skatedeluxe', 'tactics']
Request: category=decks, shops=['skatedeluxe']
SHOP_CONFIGS keys: ['boards-lv', 'skatedeluxe', 'tactics']
Request: category=decks, shops=['skatedeluxe']
SHOP_CONFIGS keys: ['boards-lv', 'skatedeluxe', 'tactics']
Request: category=prebuilts, shops=['tactics', 'skatedeluxe', 'boards-lv']
SHOP_CONFIGS keys: ['boards-lv', 'skatedeluxe', 'tactics']
Request: category=prebuilts, shops=['tactics', 'skatedeluxe', 'boards-lv']
SHOP_CONFIGS keys: ['boards-lv', 'skatedeluxe', 'tactics']
Request: category=decks, shops=['tactics', 'skatedeluxe', 'boards-lv']
SHOP_CONFIGS keys: ['boards-lv', 'skatedeluxe', 'tactics']
Request: category=decks, shops=['skatedeluxe']
SHOP_CONFIGS keys: ['boards-lv', 'skatedeluxe', 'tactics']
Request: category=trucks, shops=['skatedeluxe']
SHOP_CONFIGS keys: ['boards-lv', 'skatedeluxe', 'tactics']
Request: category=wheels, shops=['skatedeluxe']
SHOP_CONFIGS keys: ['boards-lv', 'skatedeluxe', 'tactics']
Request: category=bearings, shops=['skatedeluxe']
SHOP_CONFIGS keys: ['boards-lv', 'skatedeluxe', 'tactics']
Request: category=griptape, shops=['skatedeluxe']
SHOP_CONFIGS keys: ['boards-lv', 'skatedeluxe', 'tactics']
Request: category=screws, shops=['skatedeluxe']
SHOP_CONFIGS keys: ['boards-lv', 'skatedeluxe', 'tactics']
Request: category=prebuilts, shops=['skatedeluxe']
SHOP_CONFIGS keys: ['boards-lv', 'skatedeluxe', 'tactics']
Request: category=decks, shops=['skatedeluxe']
SHOP_CONFIGS keys: ['boards-lv', 'skatedeluxe', 'tactics']
Request: category=decks, shops=['boards-lv']
SHOP_CONFIGS keys: ['boards-lv', 'skatedeluxe', 'tactics']
Request: category=prebuilts, shops=['skatedeluxe']
SHOP_CONFIGS keys: ['boards-lv', 'skatedeluxe', 'tactics']
